2022-01-04 16:09:13,218 [Worker-3: Loading available Gradle versions] INFO  o.e.b.c.i.u.g.PublishedGradleVersions - Gradle version information cache is up-to-date. Trying to read.
2022-01-04 16:11:00,122 [Worker-12: Enabling Maven Dependency Management] INFO  o.e.m.c.i.l.LifecycleMappingFactory - Using org.maven.ide.eclipse.wtp.WarLifecycleMapping lifecycle mapping for MavenProject: MiniProjectJava:MiniProjectJava:0.0.1-SNAPSHOT @ C:\dev\workspace\springmvc_jaesung\MiniProjectJava\pom.xml.
2022-01-04 16:11:02,161 [Worker-18: Building] WARN  o.e.m.c.i.embedder.EclipseLogger - Using platform encoding (MS949 actually) to copy filtered resources, i.e. build is platform dependent!
2022-01-04 16:11:02,163 [Worker-18: Building] INFO  o.e.m.c.i.embedder.EclipseLogger - skip non existing resourceDirectory C:\dev\workspace\springmvc_jaesung\MiniProjectJava\src\main\resources
2022-01-04 16:11:02,167 [Worker-18: Building] WARN  o.e.m.c.i.embedder.EclipseLogger - Using platform encoding (MS949 actually) to copy filtered resources, i.e. build is platform dependent!
2022-01-04 16:11:02,170 [Worker-18: Building] INFO  o.e.m.c.i.embedder.EclipseLogger - skip non existing resourceDirectory C:\dev\workspace\springmvc_jaesung\MiniProjectJava\src\test\resources
2022-01-04 16:11:02,215 [Worker-12: Enabling Maven Dependency Management] INFO  o.e.m.j.i.AbstractJavaProjectConfigurator - Adding source folder /MiniProjectJava/src
2022-01-04 16:11:02,216 [Worker-12: Enabling Maven Dependency Management] INFO  o.e.m.j.i.AbstractJavaProjectConfigurator - Not adding source folder /MiniProjectJava/src/test/java because it overlaps with /MiniProjectJava/src
2022-01-04 16:11:02,521 [Worker-12: Enabling Maven Dependency Management] INFO  o.e.m.c.i.p.ProjectConfigurationManager - Update started
2022-01-04 16:11:03,030 [Worker-12: Enabling Maven Dependency Management] INFO  o.e.m.c.i.l.LifecycleMappingFactory - Using org.maven.ide.eclipse.wtp.WarLifecycleMapping lifecycle mapping for MavenProject: MiniProjectJava:MiniProjectJava:0.0.1-SNAPSHOT @ C:\dev\workspace\springmvc_jaesung\MiniProjectJava\pom.xml.
2022-01-04 16:11:04,314 [Worker-9: Building] WARN  o.e.m.c.i.embedder.EclipseLogger - Using platform encoding (MS949 actually) to copy filtered resources, i.e. build is platform dependent!
2022-01-04 16:11:04,316 [Worker-9: Building] INFO  o.e.m.c.i.embedder.EclipseLogger - skip non existing resourceDirectory C:\dev\workspace\springmvc_jaesung\MiniProjectJava\src\main\resources
2022-01-04 16:11:04,318 [Worker-9: Building] WARN  o.e.m.c.i.embedder.EclipseLogger - Using platform encoding (MS949 actually) to copy filtered resources, i.e. build is platform dependent!
2022-01-04 16:11:04,319 [Worker-9: Building] INFO  o.e.m.c.i.embedder.EclipseLogger - skip non existing resourceDirectory C:\dev\workspace\springmvc_jaesung\MiniProjectJava\src\test\resources
2022-01-04 16:11:04,320 [Worker-9: Building] INFO  o.e.m.w.i.f.ResourceFilteringBuildParticipant - Changed resources require a complete clean of filtered resources of MiniProjectJava
2022-01-04 16:11:04,321 [Worker-9: Building] INFO  o.e.m.w.i.f.ResourceFilteringBuildParticipant - Executing resource filtering for MiniProjectJava
2022-01-04 16:11:04,326 [Worker-9: Building] WARN  o.e.m.c.i.embedder.EclipseLogger - The POM for org.apache.maven.plugins:maven-clean-plugin:jar:2.5 is missing, no dependency information available
2022-01-04 16:11:04,355 [Worker-9: Building] WARN  o.e.m.c.i.embedder.EclipseLogger - Using platform encoding (MS949 actually) to copy filtered resources, i.e. build is platform dependent!
2022-01-04 16:11:04,435 [Worker-12: Enabling Maven Dependency Management] INFO  o.e.m.j.i.AbstractJavaProjectConfigurator - Adding source folder /MiniProjectJava/src
2022-01-04 16:11:04,436 [Worker-12: Enabling Maven Dependency Management] INFO  o.e.m.j.i.AbstractJavaProjectConfigurator - Not adding source folder /MiniProjectJava/src/test/java because it overlaps with /MiniProjectJava/src
2022-01-04 16:11:04,563 [Worker-12: Enabling Maven Dependency Management] INFO  o.e.m.w.i.f.ResourceFilteringBuildParticipant - Cleaning filtered folder for MiniProjectJava
2022-01-04 16:11:04,597 [Worker-12: Enabling Maven Dependency Management] INFO  o.e.m.c.i.p.ProjectConfigurationManager - Update completed: 2 sec
2022-01-04 16:11:05,486 [Worker-16: Building] WARN  o.e.m.c.i.embedder.EclipseLogger - Using platform encoding (MS949 actually) to copy filtered resources, i.e. build is platform dependent!
2022-01-04 16:11:05,488 [Worker-16: Building] INFO  o.e.m.c.i.embedder.EclipseLogger - skip non existing resourceDirectory C:\dev\workspace\springmvc_jaesung\MiniProjectJava\src\main\resources
2022-01-04 16:11:05,488 [Worker-16: Building] WARN  o.e.m.c.i.embedder.EclipseLogger - Using platform encoding (MS949 actually) to copy filtered resources, i.e. build is platform dependent!
2022-01-04 16:11:05,489 [Worker-16: Building] INFO  o.e.m.c.i.embedder.EclipseLogger - skip non existing resourceDirectory C:\dev\workspace\springmvc_jaesung\MiniProjectJava\src\test\resources
2022-01-04 16:11:05,490 [Worker-16: Building] INFO  o.e.m.w.i.f.ResourceFilteringBuildParticipant - Changed resources require a complete clean of filtered resources of MiniProjectJava
2022-01-04 16:11:05,490 [Worker-16: Building] INFO  o.e.m.w.i.f.ResourceFilteringBuildParticipant - Executing resource filtering for MiniProjectJava
2022-01-04 16:11:05,494 [Worker-16: Building] WARN  o.e.m.c.i.embedder.EclipseLogger - Using platform encoding (MS949 actually) to copy filtered resources, i.e. build is platform dependent!
2022-01-04 16:11:15,714 [Worker-11: Building] INFO  o.e.m.c.i.l.LifecycleMappingFactory - Using org.maven.ide.eclipse.wtp.WarLifecycleMapping lifecycle mapping for MavenProject: RestfulAPI:RestfulAPI:0.0.1-SNAPSHOT @ C:\dev\workspace\springmvc_jaesung\MiniProjectJava\pom.xml.
2022-01-04 16:11:16,763 [Worker-11: Building] WARN  o.e.m.c.i.embedder.EclipseLogger - Using platform encoding (MS949 actually) to copy filtered resources, i.e. build is platform dependent!
2022-01-04 16:11:16,764 [Worker-11: Building] INFO  o.e.m.c.i.embedder.EclipseLogger - skip non existing resourceDirectory C:\dev\workspace\springmvc_jaesung\MiniProjectJava\src\main\resources
2022-01-04 16:11:16,765 [Worker-11: Building] WARN  o.e.m.c.i.embedder.EclipseLogger - Using platform encoding (MS949 actually) to copy filtered resources, i.e. build is platform dependent!
2022-01-04 16:11:16,767 [Worker-11: Building] INFO  o.e.m.c.i.embedder.EclipseLogger - skip non existing resourceDirectory C:\dev\workspace\springmvc_jaesung\MiniProjectJava\src\test\resources
2022-01-04 16:11:16,767 [Worker-11: Building] INFO  o.e.m.w.i.f.ResourceFilteringBuildParticipant - Changed resources require a complete clean of filtered resources of MiniProjectJava
2022-01-04 16:11:16,767 [Worker-11: Building] INFO  o.e.m.w.i.f.ResourceFilteringBuildParticipant - Executing resource filtering for MiniProjectJava
2022-01-04 16:11:16,770 [Worker-11: Building] WARN  o.e.m.c.i.embedder.EclipseLogger - Using platform encoding (MS949 actually) to copy filtered resources, i.e. build is platform dependent!
2022-01-04 16:11:22,561 [Worker-3: Building] INFO  o.e.m.c.i.l.LifecycleMappingFactory - Using org.maven.ide.eclipse.wtp.WarLifecycleMapping lifecycle mapping for MavenProject: MiniProjectJava:MiniProjectJava:0.0.1-SNAPSHOT @ C:\dev\workspace\springmvc_jaesung\MiniProjectJava\pom.xml.
2022-01-04 16:11:23,590 [Worker-3: Building] WARN  o.e.m.c.i.embedder.EclipseLogger - Using platform encoding (MS949 actually) to copy filtered resources, i.e. build is platform dependent!
2022-01-04 16:11:23,592 [Worker-3: Building] INFO  o.e.m.c.i.embedder.EclipseLogger - skip non existing resourceDirectory C:\dev\workspace\springmvc_jaesung\MiniProjectJava\src\main\resources
2022-01-04 16:11:23,594 [Worker-3: Building] WARN  o.e.m.c.i.embedder.EclipseLogger - Using platform encoding (MS949 actually) to copy filtered resources, i.e. build is platform dependent!
2022-01-04 16:11:23,595 [Worker-3: Building] INFO  o.e.m.c.i.embedder.EclipseLogger - skip non existing resourceDirectory C:\dev\workspace\springmvc_jaesung\MiniProjectJava\src\test\resources
2022-01-04 16:11:23,595 [Worker-3: Building] INFO  o.e.m.w.i.f.ResourceFilteringBuildParticipant - Changed resources require a complete clean of filtered resources of MiniProjectJava
2022-01-04 16:11:23,595 [Worker-3: Building] INFO  o.e.m.w.i.f.ResourceFilteringBuildParticipant - Executing resource filtering for MiniProjectJava
2022-01-04 16:11:23,599 [Worker-3: Building] WARN  o.e.m.c.i.embedder.EclipseLogger - Using platform encoding (MS949 actually) to copy filtered resources, i.e. build is platform dependent!
2022-01-04 16:11:27,494 [Worker-11: Building] WARN  o.e.m.c.i.embedder.EclipseLogger - Using platform encoding (MS949 actually) to copy filtered resources, i.e. build is platform dependent!
2022-01-04 16:11:27,496 [Worker-11: Building] INFO  o.e.m.c.i.embedder.EclipseLogger - skip non existing resourceDirectory C:\dev\workspace\springmvc_jaesung\MiniProjectJava\src\main\resources
2022-01-04 16:11:27,497 [Worker-11: Building] WARN  o.e.m.c.i.embedder.EclipseLogger - Using platform encoding (MS949 actually) to copy filtered resources, i.e. build is platform dependent!
2022-01-04 16:11:27,499 [Worker-11: Building] INFO  o.e.m.c.i.embedder.EclipseLogger - skip non existing resourceDirectory C:\dev\workspace\springmvc_jaesung\MiniProjectJava\src\test\resources
2022-01-04 16:11:31,817 [Worker-8: Building] WARN  o.e.m.c.i.embedder.EclipseLogger - Using platform encoding (MS949 actually) to copy filtered resources, i.e. build is platform dependent!
2022-01-04 16:11:31,818 [Worker-8: Building] INFO  o.e.m.c.i.embedder.EclipseLogger - skip non existing resourceDirectory C:\dev\workspace\springmvc_jaesung\MiniProjectJava\src\main\resources
2022-01-04 16:11:31,820 [Worker-8: Building] WARN  o.e.m.c.i.embedder.EclipseLogger - Using platform encoding (MS949 actually) to copy filtered resources, i.e. build is platform dependent!
2022-01-04 16:11:31,821 [Worker-8: Building] INFO  o.e.m.c.i.embedder.EclipseLogger - skip non existing resourceDirectory C:\dev\workspace\springmvc_jaesung\MiniProjectJava\src\test\resources
2022-01-04 16:11:42,263 [Worker-11: Updating Maven Project] INFO  o.e.m.c.i.p.ProjectConfigurationManager - Update started
2022-01-04 16:11:42,597 [Worker-11: Updating Maven Project] INFO  o.e.m.c.i.l.LifecycleMappingFactory - Using org.maven.ide.eclipse.wtp.WarLifecycleMapping lifecycle mapping for MavenProject: MiniProjectJava:MiniProjectJava:0.0.1-SNAPSHOT @ C:\dev\workspace\springmvc_jaesung\MiniProjectJava\pom.xml.
2022-01-04 16:11:43,351 [Worker-11: Updating Maven Project] INFO  o.e.m.j.i.AbstractJavaProjectConfigurator - Adding source folder /MiniProjectJava/src
2022-01-04 16:11:43,351 [Worker-11: Updating Maven Project] INFO  o.e.m.j.i.AbstractJavaProjectConfigurator - Not adding source folder /MiniProjectJava/src/test/java because it overlaps with /MiniProjectJava/src
2022-01-04 16:11:43,751 [Worker-11: Updating Maven Project] INFO  o.e.m.w.i.f.ResourceFilteringBuildParticipant - Cleaning filtered folder for MiniProjectJava
2022-01-04 16:11:43,761 [Worker-11: Updating Maven Project] INFO  o.e.m.c.i.p.ProjectConfigurationManager - Update completed: 1 sec
2022-01-04 16:11:44,164 [Worker-3: Building Project MiniProjectJava] WARN  o.e.m.c.i.embedder.EclipseLogger - Using platform encoding (MS949 actually) to copy filtered resources, i.e. build is platform dependent!
2022-01-04 16:11:44,165 [Worker-3: Building Project MiniProjectJava] INFO  o.e.m.c.i.embedder.EclipseLogger - skip non existing resourceDirectory C:\dev\workspace\springmvc_jaesung\MiniProjectJava\src\main\resources
2022-01-04 16:11:44,167 [Worker-3: Building Project MiniProjectJava] WARN  o.e.m.c.i.embedder.EclipseLogger - Using platform encoding (MS949 actually) to copy filtered resources, i.e. build is platform dependent!
2022-01-04 16:11:44,168 [Worker-3: Building Project MiniProjectJava] INFO  o.e.m.c.i.embedder.EclipseLogger - skip non existing resourceDirectory C:\dev\workspace\springmvc_jaesung\MiniProjectJava\src\test\resources
